# JRE version: OpenJDK Runtime Environment (9.0) (build 9-internal+0-2016-04-14-195246.buildd.src)
# Java VM: OpenJDK 64-Bit Server VM (9-internal+0-2016-04-14-195246.buildd.src, mixed mode, tiered, compressed oops, g1 gc, linux-amd64)
Heap:
 garbage-first heap   total 21504K, used 10830K [0x00000000e8000000, 0x00000000e81000a8, 0x0000000100000000)
  region size 1024K, 3 young (3072K), 1 survivors (1024K)
 Metaspace       used 19414K, capacity 20090K, committed 20352K, reserved 1067008K
  class space    used 2403K, capacity 2597K, committed 2688K, reserved 1048576K
GC Heap History (10 events):
Event: 6,671 GC heap before
{Heap before GC invocations=15 (full 0):
 garbage-first heap   total 16384K, used 10138K [0x00000000e8000000, 0x00000000e8100080, 0x0000000100000000)
  region size 1024K, 2 young (2048K), 1 survivors (1024K)
 Metaspace       used 18877K, capacity 19524K, committed 19712K, reserved 1067008K
  class space    used 2354K, capacity 2560K, committed 2560K, reserved 1048576K
}
Event: 6,673 GC heap after
{Heap after GC invocations=16 (full 0):
 garbage-first heap   total 16384K, used 9139K [0x00000000e8000000, 0x00000000e8100080, 0x0000000100000000)
  region size 1024K, 1 young (1024K), 1 survivors (1024K)
 Metaspace       used 18877K, capacity 19524K, committed 19712K, reserved 1067008K
  class space    used 2354K, capacity 2560K, committed 2560K, reserved 1048576K
}
Event: 6,737 GC heap before
{Heap before GC invocations=16 (full 0):
 garbage-first heap   total 16384K, used 11187K [0x00000000e8000000, 0x00000000e8100080, 0x0000000100000000)
  region size 1024K, 3 young (3072K), 1 survivors (1024K)
 Metaspace       used 18921K, capacity 19588K, committed 19712K, reserved 1067008K
  class space    used 2354K, capacity 2560K, committed 2560K, reserved 1048576K
}
Event: 6,742 GC heap after
{Heap after GC invocations=17 (full 0):
 garbage-first heap   total 16384K, used 9317K [0x00000000e8000000, 0x00000000e8100080, 0x0000000100000000)
  region size 1024K, 1 young (1024K), 1 survivors (1024K)
 Metaspace       used 18921K, capacity 19588K, committed 19712K, reserved 1067008K
  class space    used 2354K, capacity 2560K, committed 2560K, reserved 1048576K
}
Event: 6,828 GC heap before
{Heap before GC invocations=18 (full 0):
 garbage-first heap   total 16384K, used 11365K [0x00000000e8000000, 0x00000000e8100080, 0x0000000100000000)
  region size 1024K, 3 young (3072K), 1 survivors (1024K)
 Metaspace       used 18967K, capacity 19660K, committed 19968K, reserved 1067008K
  class space    used 2354K, capacity 2560K, committed 2560K, reserved 1048576K
}
Event: 6,835 GC heap after
{Heap after GC invocations=19 (full 0):
 garbage-first heap   total 21504K, used 9386K [0x00000000e8000000, 0x00000000e81000a8, 0x0000000100000000)
  region size 1024K, 1 young (1024K), 1 survivors (1024K)
 Metaspace       used 18967K, capacity 19660K, committed 19968K, reserved 1067008K
  class space    used 2354K, capacity 2560K, committed 2560K, reserved 1048576K
}
Event: 6,887 GC heap before
{Heap before GC invocations=19 (full 0):
 garbage-first heap   total 21504K, used 12458K [0x00000000e8000000, 0x00000000e81000a8, 0x0000000100000000)
  region size 1024K, 4 young (4096K), 1 survivors (1024K)
 Metaspace       used 19035K, capacity 19724K, committed 19968K, reserved 1067008K
  class space    used 2354K, capacity 2560K, committed 2560K, reserved 1048576K
}
Event: 6,889 GC heap after
{Heap after GC invocations=20 (full 0):
 garbage-first heap   total 21504K, used 9635K [0x00000000e8000000, 0x00000000e81000a8, 0x0000000100000000)
  region size 1024K, 1 young (1024K), 1 survivors (1024K)
 Metaspace       used 19035K, capacity 19724K, committed 19968K, reserved 1067008K
  class space    used 2354K, capacity 2560K, committed 2560K, reserved 1048576K
}
Event: 6,947 GC heap before
{Heap before GC invocations=20 (full 0):
 garbage-first heap   total 21504K, used 13731K [0x00000000e8000000, 0x00000000e81000a8, 0x0000000100000000)
  region size 1024K, 5 young (5120K), 1 survivors (1024K)
 Metaspace       used 19122K, capacity 19858K, committed 20096K, reserved 1067008K
  class space    used 2360K, capacity 2561K, committed 2688K, reserved 1048576K
}
Event: 6,949 GC heap after
{Heap after GC invocations=21 (full 0):
 garbage-first heap   total 21504K, used 9806K [0x00000000e8000000, 0x00000000e81000a8, 0x0000000100000000)
  region size 1024K, 1 young (1024K), 1 survivors (1024K)
 Metaspace       used 19122K, capacity 19858K, committed 20096K, reserved 1067008K
  class space    used 2360K, capacity 2561K, committed 2688K, reserved 1048576K
}

